Arguments: 
  C:\Program Files\nodejs\node.exe C:\Users\drfra\AppData\Roaming\npm\node_modules\yarn\bin\yarn.js add @types/node --dev = get typescript

PATH: 
  C:\Windows\system32;C:\Windows;C:\Windows\System32\Wbem;C:\Windows\System32\WindowsPowerShell\v1.0\;C:\Windows\System32\OpenSSH\;C:\Program Files (x86)\NVIDIA Corporation\PhysX\Common;C:\Program Files\NVIDIA Corporation\NVIDIA NvDLISR;C:\Program Files\Microsoft SQL Server\130\Tools\Binn\;C:\Program Files\Microsoft SQL Server\Client SDK\ODBC\170\Tools\Binn\;C:\Program Files\dotnet\;C:\WINDOWS\system32;C:\WINDOWS;C:\WINDOWS\System32\Wbem;C:\WINDOWS\System32\WindowsPowerShell\v1.0\;C:\WINDOWS\System32\OpenSSH\;C:\Program Files\Git\cmd;C:\Program Files\Git\mingw64\bin;C:\Program Files\Git\usr\bin;C:\Program Files\nodejs\;C:\Users\drfra\AppData\Local\Microsoft\WindowsApps;C:\Users\drfra\.dotnet\tools;C:\Users\drfra\AppData\Local\Programs\Microsoft VS Code\bin;C:\Users\drfra\AppData\Roaming\npm;C:\Program Files\nodejs;

Yarn version: 
  1.22.10

Node version: 
  16.1.0

Platform: 
  win32 x64

Trace: 
  Error: https://registry.yarnpkg.com/=: Not found
      at Request.params.callback [as _callback] (C:\Users\drfra\AppData\Roaming\npm\node_modules\yarn\lib\cli.js:66988:18)
      at Request.self.callback (C:\Users\drfra\AppData\Roaming\npm\node_modules\yarn\lib\cli.js:140662:22)
      at Request.emit (node:events:365:28)
      at Request.<anonymous> (C:\Users\drfra\AppData\Roaming\npm\node_modules\yarn\lib\cli.js:141634:10)
      at Request.emit (node:events:365:28)
      at IncomingMessage.<anonymous> (C:\Users\drfra\AppData\Roaming\npm\node_modules\yarn\lib\cli.js:141556:12)
      at Object.onceWrapper (node:events:471:28)
      at IncomingMessage.emit (node:events:377:35)
      at endReadableNT (node:internal/streams/readable:1312:12)
      at processTicksAndRejections (node:internal/process/task_queues:83:21)

npm manifest: 
  {
    "name": "assignment-one",
    "version": "0.0.1",
    "description": "assignment one ",
    "main": "index.js",
    "author": "Chinedu",
    "license": "MIT",
    "scripts": {
      "start":"node index.js"
    }
  }

yarn manifest: 
  No manifest

Lockfile: 
  No lockfile
